# JRE version: OpenJDK Runtime Environment (8.0_202-b03) (build 1.8.0_202-release-1483-b03)
# Java VM: OpenJDK 64-Bit Server VM (25.202-b03 mixed mode windows-amd64 compressed oops)
Heap:
 PSYoungGen      total 237568K, used 17754K [0x00000000e0000000, 0x00000000efc00000, 0x0000000100000000)
  eden space 222720K, 7% used [0x00000000e0000000,0x00000000e11569f0,0x00000000ed980000)
  from space 14848K, 0% used [0x00000000ee800000,0x00000000ee800000,0x00000000ef680000)
  to   space 14848K, 0% used [0x00000000ed980000,0x00000000ed980000,0x00000000ee800000)
 ParOldGen       total 141824K, used 17942K [0x00000000a0000000, 0x00000000a8a80000, 0x00000000e0000000)
  object space 141824K, 12% used [0x00000000a0000000,0x00000000a11859d0,0x00000000a8a80000)
 Metaspace       used 34432K, capacity 35720K, committed 35840K, reserved 1079296K
  class space    used 4749K, capacity 5037K, committed 5120K, reserved 1048576K
GC Heap History (10 events):
Event: 3.034 GC heap before
{Heap before GC invocations=4 (full 0):
 PSYoungGen      total 76288K, used 20427K [0x00000000e0000000, 0x00000000e9500000, 0x0000000100000000)
  eden space 65536K, 14% used [0x00000000e0000000,0x00000000e0978a10,0x00000000e4000000)
  from space 10752K, 99% used [0x00000000e4000000,0x00000000e4a7a1f8,0x00000000e4a80000)
  to   space 10752K, 0% used [0x00000000e8a80000,0x00000000e8a80000,0x00000000e9500000)
 ParOldGen       total 175104K, used 1596K [0x00000000a0000000, 0x00000000aab00000, 0x00000000e0000000)
  object space 175104K, 0% used [0x00000000a0000000,0x00000000a018f290,0x00000000aab00000)
 Metaspace       used 20565K, capacity 21212K, committed 21296K, reserved 1067008K
  class space    used 2972K, capacity 3169K, committed 3200K, reserved 1048576K
Event: 3.040 GC heap after
Heap after GC invocations=4 (full 0):
 PSYoungGen      total 141824K, used 8309K [0x00000000e0000000, 0x00000000e9500000, 0x0000000100000000)
  eden space 131072K, 0% used [0x00000000e0000000,0x00000000e0000000,0x00000000e8000000)
  from space 10752K, 77% used [0x00000000e8a80000,0x00000000e929d708,0x00000000e9500000)
  to   space 10752K, 0% used [0x00000000e8000000,0x00000000e8000000,0x00000000e8a80000)
 ParOldGen       total 175104K, used 1604K [0x00000000a0000000, 0x00000000aab00000, 0x00000000e0000000)
  object space 175104K, 0% used [0x00000000a0000000,0x00000000a0191290,0x00000000aab00000)
 Metaspace       used 20565K, capacity 21212K, committed 21296K, reserved 1067008K
  class space    used 2972K, capacity 3169K, committed 3200K, reserved 1048576K
}
Event: 3.040 GC heap before
{Heap before GC invocations=5 (full 1):
 PSYoungGen      total 141824K, used 8309K [0x00000000e0000000, 0x00000000e9500000, 0x0000000100000000)
  eden space 131072K, 0% used [0x00000000e0000000,0x00000000e0000000,0x00000000e8000000)
  from space 10752K, 77% used [0x00000000e8a80000,0x00000000e929d708,0x00000000e9500000)
  to   space 10752K, 0% used [0x00000000e8000000,0x00000000e8000000,0x00000000e8a80000)
 ParOldGen       total 175104K, used 1604K [0x00000000a0000000, 0x00000000aab00000, 0x00000000e0000000)
  object space 175104K, 0% used [0x00000000a0000000,0x00000000a0191290,0x00000000aab00000)
 Metaspace       used 20565K, capacity 21212K, committed 21296K, reserved 1067008K
  class space    used 2972K, capacity 3169K, committed 3200K, reserved 1048576K
Event: 3.072 GC heap after
Heap after GC invocations=5 (full 1):
 PSYoungGen      total 141824K, used 0K [0x00000000e0000000, 0x00000000e9500000, 0x0000000100000000)
  eden space 131072K, 0% used [0x00000000e0000000,0x00000000e0000000,0x00000000e8000000)
  from space 10752K, 0% used [0x00000000e8a80000,0x00000000e8a80000,0x00000000e9500000)
  to   space 10752K, 0% used [0x00000000e8000000,0x00000000e8000000,0x00000000e8a80000)
 ParOldGen       total 93696K, used 8147K [0x00000000a0000000, 0x00000000a5b80000, 0x00000000e0000000)
  object space 93696K, 8% used [0x00000000a0000000,0x00000000a07f4d08,0x00000000a5b80000)
 Metaspace       used 20565K, capacity 21212K, committed 21296K, reserved 1067008K
  class space    used 2972K, capacity 3169K, committed 3200K, reserved 1048576K
}
Event: 4.204 GC heap before
{Heap before GC invocations=6 (full 1):
 PSYoungGen      total 141824K, used 131072K [0x00000000e0000000, 0x00000000e9500000, 0x0000000100000000)
  eden space 131072K, 100% used [0x00000000e0000000,0x00000000e8000000,0x00000000e8000000)
  from space 10752K, 0% used [0x00000000e8a80000,0x00000000e8a80000,0x00000000e9500000)
  to   space 10752K, 0% used [0x00000000e8000000,0x00000000e8000000,0x00000000e8a80000)
 ParOldGen       total 93696K, used 8147K [0x00000000a0000000, 0x00000000a5b80000, 0x00000000e0000000)
  object space 93696K, 8% used [0x00000000a0000000,0x00000000a07f4d08,0x00000000a5b80000)
 Metaspace       used 31135K, capacity 31910K, committed 32256K, reserved 1077248K
  class space    used 4291K, capacity 4501K, committed 4608K, reserved 1048576K
Event: 4.220 GC heap after
Heap after GC invocations=6 (full 1):
 PSYoungGen      total 141824K, used 10740K [0x00000000e0000000, 0x00000000ef680000, 0x0000000100000000)
  eden space 131072K, 0% used [0x00000000e0000000,0x00000000e0000000,0x00000000e8000000)
  from space 10752K, 99% used [0x00000000e8000000,0x00000000e8a7d358,0x00000000e8a80000)
  to   space 14848K, 0% used [0x00000000ee800000,0x00000000ee800000,0x00000000ef680000)
 ParOldGen       total 93696K, used 9897K [0x00000000a0000000, 0x00000000a5b80000, 0x00000000e0000000)
  object space 93696K, 10% used [0x00000000a0000000,0x00000000a09aa550,0x00000000a5b80000)
 Metaspace       used 31135K, capacity 31910K, committed 32256K, reserved 1077248K
  class space    used 4291K, capacity 4501K, committed 4608K, reserved 1048576K
}
Event: 4.687 GC heap before
{Heap before GC invocations=7 (full 1):
 PSYoungGen      total 141824K, used 64273K [0x00000000e0000000, 0x00000000ef680000, 0x0000000100000000)
  eden space 131072K, 40% used [0x00000000e0000000,0x00000000e34472a8,0x00000000e8000000)
  from space 10752K, 99% used [0x00000000e8000000,0x00000000e8a7d358,0x00000000e8a80000)
  to   space 14848K, 0% used [0x00000000ee800000,0x00000000ee800000,0x00000000ef680000)
 ParOldGen       total 93696K, used 9897K [0x00000000a0000000, 0x00000000a5b80000, 0x00000000e0000000)
  object space 93696K, 10% used [0x00000000a0000000,0x00000000a09aa550,0x00000000a5b80000)
 Metaspace       used 34230K, capacity 35394K, committed 35456K, reserved 1079296K
  class space    used 4708K, capacity 4972K, committed 4992K, reserved 1048576K
Event: 4.710 GC heap after
Heap after GC invocations=7 (full 1):
 PSYoungGen      total 237568K, used 10802K [0x00000000e0000000, 0x00000000efc00000, 0x0000000100000000)
  eden space 222720K, 0% used [0x00000000e0000000,0x00000000e0000000,0x00000000ed980000)
  from space 14848K, 72% used [0x00000000ee800000,0x00000000ef28cbd0,0x00000000ef680000)
  to   space 14848K, 0% used [0x00000000ed980000,0x00000000ed980000,0x00000000ee800000)
 ParOldGen       total 93696K, used 9905K [0x00000000a0000000, 0x00000000a5b80000, 0x00000000e0000000)
  object space 93696K, 10% used [0x00000000a0000000,0x00000000a09ac550,0x00000000a5b80000)
 Metaspace       used 34230K, capacity 35394K, committed 35456K, reserved 1079296K
  class space    used 4708K, capacity 4972K, committed 4992K, reserved 1048576K
}
Event: 4.710 GC heap before
{Heap before GC invocations=8 (full 2):
 PSYoungGen      total 237568K, used 10802K [0x00000000e0000000, 0x00000000efc00000, 0x0000000100000000)
  eden space 222720K, 0% used [0x00000000e0000000,0x00000000e0000000,0x00000000ed980000)
  from space 14848K, 72% used [0x00000000ee800000,0x00000000ef28cbd0,0x00000000ef680000)
  to   space 14848K, 0% used [0x00000000ed980000,0x00000000ed980000,0x00000000ee800000)
 ParOldGen       total 93696K, used 9905K [0x00000000a0000000, 0x00000000a5b80000, 0x00000000e0000000)
  object space 93696K, 10% used [0x00000000a0000000,0x00000000a09ac550,0x00000000a5b80000)
 Metaspace       used 34230K, capacity 35394K, committed 35456K, reserved 1079296K
  class space    used 4708K, capacity 4972K, committed 4992K, reserved 1048576K
Event: 4.771 GC heap after
Heap after GC invocations=8 (full 2):
 PSYoungGen      total 237568K, used 0K [0x00000000e0000000, 0x00000000efc00000, 0x0000000100000000)
  eden space 222720K, 0% used [0x00000000e0000000,0x00000000e0000000,0x00000000ed980000)
  from space 14848K, 0% used [0x00000000ee800000,0x00000000ee800000,0x00000000ef680000)
  to   space 14848K, 0% used [0x00000000ed980000,0x00000000ed980000,0x00000000ee800000)
 ParOldGen       total 141824K, used 17942K [0x00000000a0000000, 0x00000000a8a80000, 0x00000000e0000000)
  object space 141824K, 12% used [0x00000000a0000000,0x00000000a11859d0,0x00000000a8a80000)
 Metaspace       used 34230K, capacity 35394K, committed 35456K, reserved 1079296K
  class space    used 4708K, capacity 4972K, committed 4992K, reserved 1048576K
}

