# JRE version: OpenJDK Runtime Environment (8.0_202-b03) (build 1.8.0_202-release-1483-b03)
# Java VM: OpenJDK 64-Bit Server VM (25.202-b03 mixed mode windows-amd64 compressed oops)
Heap:
 PSYoungGen      total 239616K, used 22629K [0x00000000e0000000, 0x00000000f0f00000, 0x0000000100000000)
  eden space 230400K, 9% used [0x00000000e0000000,0x00000000e1619688,0x00000000ee100000)
  from space 9216K, 0% used [0x00000000f0600000,0x00000000f0600000,0x00000000f0f00000)
  to   space 13312K, 0% used [0x00000000ef500000,0x00000000ef500000,0x00000000f0200000)
 ParOldGen       total 139264K, used 22878K [0x00000000a0000000, 0x00000000a8800000, 0x00000000e0000000)
  object space 139264K, 16% used [0x00000000a0000000,0x00000000a1657b18,0x00000000a8800000)
 Metaspace       used 41979K, capacity 43326K, committed 43520K, reserved 1087488K
  class space    used 5551K, capacity 5870K, committed 5888K, reserved 1048576K
GC Heap History (10 events):
Event: 6.410 GC heap before
{Heap before GC invocations=9 (full 1):
 PSYoungGen      total 119296K, used 116313K [0x00000000e0000000, 0x00000000ebf80000, 0x0000000100000000)
  eden space 107008K, 100% used [0x00000000e0000000,0x00000000e6880000,0x00000000e6880000)
  from space 12288K, 75% used [0x00000000e6880000,0x00000000e71964c8,0x00000000e7480000)
  to   space 11776K, 0% used [0x00000000eb400000,0x00000000eb400000,0x00000000ebf80000)
 ParOldGen       total 97792K, used 8634K [0x00000000a0000000, 0x00000000a5f80000, 0x00000000e0000000)
  object space 97792K, 8% used [0x00000000a0000000,0x00000000a086eaf8,0x00000000a5f80000)
 Metaspace       used 34112K, capacity 34886K, committed 35072K, reserved 1079296K
  class space    used 4572K, capacity 4807K, committed 4864K, reserved 1048576K
Event: 6.422 GC heap after
Heap after GC invocations=9 (full 1):
 PSYoungGen      total 183296K, used 11766K [0x00000000e0000000, 0x00000000ec700000, 0x0000000100000000)
  eden space 171520K, 0% used [0x00000000e0000000,0x00000000e0000000,0x00000000ea780000)
  from space 11776K, 99% used [0x00000000eb400000,0x00000000ebf7d9f0,0x00000000ebf80000)
  to   space 12800K, 0% used [0x00000000ea780000,0x00000000ea780000,0x00000000eb400000)
 ParOldGen       total 97792K, used 9010K [0x00000000a0000000, 0x00000000a5f80000, 0x00000000e0000000)
  object space 97792K, 9% used [0x00000000a0000000,0x00000000a08ccb28,0x00000000a5f80000)
 Metaspace       used 34112K, capacity 34886K, committed 35072K, reserved 1079296K
  class space    used 4572K, capacity 4807K, committed 4864K, reserved 1048576K
}
Event: 6.599 GC heap before
{Heap before GC invocations=10 (full 1):
 PSYoungGen      total 183296K, used 31166K [0x00000000e0000000, 0x00000000ec700000, 0x0000000100000000)
  eden space 171520K, 11% used [0x00000000e0000000,0x00000000e12f1e68,0x00000000ea780000)
  from space 11776K, 99% used [0x00000000eb400000,0x00000000ebf7d9f0,0x00000000ebf80000)
  to   space 12800K, 0% used [0x00000000ea780000,0x00000000ea780000,0x00000000eb400000)
 ParOldGen       total 97792K, used 9010K [0x00000000a0000000, 0x00000000a5f80000, 0x00000000e0000000)
  object space 97792K, 9% used [0x00000000a0000000,0x00000000a08ccb28,0x00000000a5f80000)
 Metaspace       used 34558K, capacity 35328K, committed 35456K, reserved 1079296K
  class space    used 4622K, capacity 4887K, committed 4992K, reserved 1048576K
Event: 6.617 GC heap after
Heap after GC invocations=10 (full 1):
 PSYoungGen      total 184320K, used 2440K [0x00000000e0000000, 0x00000000f1380000, 0x0000000100000000)
  eden space 171520K, 0% used [0x00000000e0000000,0x00000000e0000000,0x00000000ea780000)
  from space 12800K, 19% used [0x00000000ea780000,0x00000000ea9e22a0,0x00000000eb400000)
  to   space 13824K, 0% used [0x00000000f0600000,0x00000000f0600000,0x00000000f1380000)
 ParOldGen       total 97792K, used 14020K [0x00000000a0000000, 0x00000000a5f80000, 0x00000000e0000000)
  object space 97792K, 14% used [0x00000000a0000000,0x00000000a0db1388,0x00000000a5f80000)
 Metaspace       used 34558K, capacity 35328K, committed 35456K, reserved 1079296K
  class space    used 4622K, capacity 4887K, committed 4992K, reserved 1048576K
}
Event: 6.617 GC heap before
{Heap before GC invocations=11 (full 2):
 PSYoungGen      total 184320K, used 2440K [0x00000000e0000000, 0x00000000f1380000, 0x0000000100000000)
  eden space 171520K, 0% used [0x00000000e0000000,0x00000000e0000000,0x00000000ea780000)
  from space 12800K, 19% used [0x00000000ea780000,0x00000000ea9e22a0,0x00000000eb400000)
  to   space 13824K, 0% used [0x00000000f0600000,0x00000000f0600000,0x00000000f1380000)
 ParOldGen       total 97792K, used 14020K [0x00000000a0000000, 0x00000000a5f80000, 0x00000000e0000000)
  object space 97792K, 14% used [0x00000000a0000000,0x00000000a0db1388,0x00000000a5f80000)
 Metaspace       used 34558K, capacity 35328K, committed 35456K, reserved 1079296K
  class space    used 4622K, capacity 4887K, committed 4992K, reserved 1048576K
Event: 6.725 GC heap after
Heap after GC invocations=11 (full 2):
 PSYoungGen      total 184320K, used 0K [0x00000000e0000000, 0x00000000f1380000, 0x0000000100000000)
  eden space 171520K, 0% used [0x00000000e0000000,0x00000000e0000000,0x00000000ea780000)
  from space 12800K, 0% used [0x00000000ea780000,0x00000000ea780000,0x00000000eb400000)
  to   space 13824K, 0% used [0x00000000f0600000,0x00000000f0600000,0x00000000f1380000)
 ParOldGen       total 139264K, used 14857K [0x00000000a0000000, 0x00000000a8800000, 0x00000000e0000000)
  object space 139264K, 10% used [0x00000000a0000000,0x00000000a0e82480,0x00000000a8800000)
 Metaspace       used 34476K, capacity 35230K, committed 35456K, reserved 1079296K
  class space    used 4595K, capacity 4857K, committed 4992K, reserved 1048576K
}
Event: 7.610 GC heap before
{Heap before GC invocations=12 (full 2):
 PSYoungGen      total 184320K, used 112378K [0x00000000e0000000, 0x00000000f1380000, 0x0000000100000000)
  eden space 171520K, 65% used [0x00000000e0000000,0x00000000e6dbea60,0x00000000ea780000)
  from space 12800K, 0% used [0x00000000ea780000,0x00000000ea780000,0x00000000eb400000)
  to   space 13824K, 0% used [0x00000000f0600000,0x00000000f0600000,0x00000000f1380000)
 ParOldGen       total 139264K, used 14857K [0x00000000a0000000, 0x00000000a8800000, 0x00000000e0000000)
  object space 139264K, 10% used [0x00000000a0000000,0x00000000a0e82480,0x00000000a8800000)
 Metaspace       used 40073K, capacity 41388K, committed 41472K, reserved 1089536K
  class space    used 5308K, capacity 5600K, committed 5632K, reserved 1048576K
Event: 7.622 GC heap after
Heap after GC invocations=12 (full 2):
 PSYoungGen      total 239616K, used 8955K [0x00000000e0000000, 0x00000000f0f00000, 0x0000000100000000)
  eden space 230400K, 0% used [0x00000000e0000000,0x00000000e0000000,0x00000000ee100000)
  from space 9216K, 97% used [0x00000000f0600000,0x00000000f0ebed60,0x00000000f0f00000)
  to   space 13312K, 0% used [0x00000000ef500000,0x00000000ef500000,0x00000000f0200000)
 ParOldGen       total 139264K, used 14865K [0x00000000a0000000, 0x00000000a8800000, 0x00000000e0000000)
  object space 139264K, 10% used [0x00000000a0000000,0x00000000a0e84480,0x00000000a8800000)
 Metaspace       used 40073K, capacity 41388K, committed 41472K, reserved 1089536K
  class space    used 5308K, capacity 5600K, committed 5632K, reserved 1048576K
}
Event: 7.622 GC heap before
{Heap before GC invocations=13 (full 3):
 PSYoungGen      total 239616K, used 8955K [0x00000000e0000000, 0x00000000f0f00000, 0x0000000100000000)
  eden space 230400K, 0% used [0x00000000e0000000,0x00000000e0000000,0x00000000ee100000)
  from space 9216K, 97% used [0x00000000f0600000,0x00000000f0ebed60,0x00000000f0f00000)
  to   space 13312K, 0% used [0x00000000ef500000,0x00000000ef500000,0x00000000f0200000)
 ParOldGen       total 139264K, used 14865K [0x00000000a0000000, 0x00000000a8800000, 0x00000000e0000000)
  object space 139264K, 10% used [0x00000000a0000000,0x00000000a0e84480,0x00000000a8800000)
 Metaspace       used 40073K, capacity 41388K, committed 41472K, reserved 1089536K
  class space    used 5308K, capacity 5600K, committed 5632K, reserved 1048576K
Event: 7.801 GC heap after
Heap after GC invocations=13 (full 3):
 PSYoungGen      total 239616K, used 0K [0x00000000e0000000, 0x00000000f0f00000, 0x0000000100000000)
  eden space 230400K, 0% used [0x00000000e0000000,0x00000000e0000000,0x00000000ee100000)
  from space 9216K, 0% used [0x00000000f0600000,0x00000000f0600000,0x00000000f0f00000)
  to   space 13312K, 0% used [0x00000000ef500000,0x00000000ef500000,0x00000000f0200000)
 ParOldGen       total 139264K, used 22878K [0x00000000a0000000, 0x00000000a8800000, 0x00000000e0000000)
  object space 139264K, 16% used [0x00000000a0000000,0x00000000a1657b18,0x00000000a8800000)
 Metaspace       used 40017K, capacity 41246K, committed 41472K, reserved 1087488K
  class space    used 5295K, capacity 5582K, committed 5632K, reserved 1048576K
}

